#
# There is insufficient memory for the Java Runtime Environment to continue.
# Native memory allocation (malloc) failed to allocate 356416 bytes for Chunk::new
# Possible reasons:
#   The system is out of physical RAM or swap space
#   The process is running with CompressedOops enabled, and the Java Heap may be blocking the growth of the native heap
# Possible solutions:
#   Reduce memory load on the system
#   Increase physical memory or swap space
#   Check if swap backing store is full
#   Decrease Java heap size (-Xmx/-Xms)
#   Decrease number of Java threads
#   Decrease Java thread stack sizes (-Xss)
#   Set larger code cache with -XX:ReservedCodeCacheSize=
#   JVM is running with Unscaled Compressed Oops mode in which the Java heap is
#     placed in the first 4GB address space. The Java Heap base address is the
#     maximum limit for the native heap growth. Please use -XX:HeapBaseMinAddress
#     to set the Java Heap base and to place the Java Heap above 4GB virtual address.
# This output file may be truncated or incomplete.
#
#  Out of Memory Error (arena.cpp:189), pid=40668, tid=40944
#
# JRE version: OpenJDK Runtime Environment Temurin-17.0.2+8 (17.0.2+8) (build 17.0.2+8)
# Java VM: OpenJDK 64-Bit Server VM Temurin-17.0.2+8 (17.0.2+8, mixed mode, tiered, compressed oops, compressed class ptrs, g1 gc, windows-amd64)
# No core dump will be written. Minidumps are not enabled by default on client versions of Windows
#

---------------  S U M M A R Y ------------

Command Line: -Dfile.encoding=Cp1252 -XX:+ShowCodeDetailsInExceptionMessages atm.UpdatePin

Host: Intel(R) Core(TM) i5-4210U CPU @ 1.70GHz, 4 cores, 5G,  Windows 10 , 64 bit Build 19041 (10.0.19041.207)
Time: Thu Mar 16 12:42:35 2023 W. Central Africa Standard Time elapsed time: 75406.276473 seconds (0d 20h 56m 46s)

---------------  T H R E A D  ---------------

Current thread (0x00000279b2150d10):  JavaThread "C2 CompilerThread0" daemon [_thread_in_native, id=40944, stack(0x000000e088600000,0x000000e088700000)]


Current CompileTask:
C2:75406276 2242   !   4       jdk.internal.loader.BuiltinClassLoader::findResource (154 bytes)

Stack: [0x000000e088600000,0x000000e088700000]
Native frames: (J=compiled Java code, j=interpreted, Vv=VM code, C=native code)
V  [jvm.dll+0x67564a]
V  [jvm.dll+0x82fc04]
V  [jvm.dll+0x8313ae]
V  [jvm.dll+0x831a13]
V  [jvm.dll+0x245235]
V  [jvm.dll+0xabd7b]
V  [jvm.dll+0xac30c]
V  [jvm.dll+0x2ac33f]
V  [jvm.dll+0x57c559]
V  [jvm.dll+0x2202ed]
V  [jvm.dll+0x21978f]
V  [jvm.dll+0x2173eb]
V  [jvm.dll+0x1a3a8d]
V  [jvm.dll+0x226ef8]
V  [jvm.dll+0x22503c]
V  [jvm.dll+0x7e596b]
V  [jvm.dll+0x7dff2a]
V  [jvm.dll+0x6744d5]
C  [ucrtbase.dll+0x21542]
C  [KERNEL32.DLL+0x16fd4]
C  [ntdll.dll+0x4cec1]


---------------  P R O C E S S  ---------------

Threads class SMR info:
_java_thread_list=0x00000279b5942260, length=18, elements={
0x00000279b20c82f0, 0x00000279b20cb2c0, 0x00000279b2112560, 0x00000279b2114e30,
0x00000279b21156f0, 0x00000279b2115fb0, 0x00000279b2150d10, 0x00000279b21516c0,
0x00000279b21527a0, 0x00000279b2d56010, 0x00000279b2d58d90, 0x00000279b2ffdc40,
0x00000279b2ffe110, 0x00000279b2ffe5e0, 0x00000279b316a7b0, 0x0000027999cfd0b0,
0x00000279b32de2f0, 0x00000279b3226570
}

Java Threads: ( => current thread )
  0x00000279b20c82f0 JavaThread "Reference Handler" daemon [_thread_blocked, id=7608, stack(0x000000e088000000,0x000000e088100000)]
  0x00000279b20cb2c0 JavaThread "Finalizer" daemon [_thread_blocked, id=40576, stack(0x000000e088100000,0x000000e088200000)]
  0x00000279b2112560 JavaThread "Signal Dispatcher" daemon [_thread_blocked, id=40768, stack(0x000000e088200000,0x000000e088300000)]
  0x00000279b2114e30 JavaThread "Attach Listener" daemon [_thread_blocked, id=40936, stack(0x000000e088300000,0x000000e088400000)]
  0x00000279b21156f0 JavaThread "Service Thread" daemon [_thread_blocked, id=26508, stack(0x000000e088400000,0x000000e088500000)]
  0x00000279b2115fb0 JavaThread "Monitor Deflation Thread" daemon [_thread_blocked, id=30824, stack(0x000000e088500000,0x000000e088600000)]
=>0x00000279b2150d10 JavaThread "C2 CompilerThread0" daemon [_thread_in_native, id=40944, stack(0x000000e088600000,0x000000e088700000)]
  0x00000279b21516c0 JavaThread "C1 CompilerThread0" daemon [_thread_blocked, id=35148, stack(0x000000e088700000,0x000000e088800000)]
  0x00000279b21527a0 JavaThread "Sweeper thread" daemon [_thread_blocked, id=40636, stack(0x000000e088800000,0x000000e088900000)]
  0x00000279b2d56010 JavaThread "Notification Thread" daemon [_thread_blocked, id=40964, stack(0x000000e088900000,0x000000e088a00000)]
  0x00000279b2d58d90 JavaThread "Common-Cleaner" daemon [_thread_blocked, id=40972, stack(0x000000e088b00000,0x000000e088c00000)]
  0x00000279b2ffdc40 JavaThread "Java2D Disposer" daemon [_thread_blocked, id=40976, stack(0x000000e088c00000,0x000000e088d00000)]
  0x00000279b2ffe110 JavaThread "AWT-Shutdown" [_thread_blocked, id=40980, stack(0x000000e088d00000,0x000000e088e00000)]
  0x00000279b2ffe5e0 JavaThread "AWT-Windows" daemon [_thread_in_native, id=40984, stack(0x000000e088e00000,0x000000e088f00000)]
  0x00000279b316a7b0 JavaThread "AWT-EventQueue-0" [_thread_blocked, id=40988, stack(0x000000e088f00000,0x000000e089000000)]
  0x0000027999cfd0b0 JavaThread "DestroyJavaVM" [_thread_blocked, id=34888, stack(0x000000e087900000,0x000000e087a00000)]
  0x00000279b32de2f0 JavaThread "TimerQueue" daemon [_thread_blocked, id=41072, stack(0x000000e089300000,0x000000e089400000)]
  0x00000279b3226570 JavaThread "mysql-cj-abandoned-connection-cleanup" daemon [_thread_blocked, id=42096, stack(0x000000e089400000,0x000000e089500000)]

Other Threads:
  0x00000279b20eb940 VMThread "VM Thread" [stack: 0x000000e087f00000,0x000000e088000000] [id=40280]
  0x00000279b2d564e0 WatcherThread [stack: 0x000000e088a00000,0x000000e088b00000] [id=40968]
  0x0000027999d339f0 GCTaskThread "GC Thread#0" [stack: 0x000000e087a00000,0x000000e087b00000] [id=40872]
  0x00000279b334ef50 GCTaskThread "GC Thread#1" [stack: 0x000000e089600000,0x000000e089700000] [id=42132]
  0x00000279b2f40780 GCTaskThread "GC Thread#2" [stack: 0x000000e089700000,0x000000e089800000] [id=42136]
  0x00000279b2f40a30 GCTaskThread "GC Thread#3" [stack: 0x000000e089800000,0x000000e089900000] [id=42140]
  0x0000027999d40de0 ConcurrentGCThread "G1 Main Marker" [stack: 0x000000e087b00000,0x000000e087c00000] [id=40628]
  0x0000027999d445d0 ConcurrentGCThread "G1 Conc#0" [stack: 0x000000e087c00000,0x000000e087d00000] [id=40640]
  0x0000027999dacaa0 ConcurrentGCThread "G1 Refine#0" [stack: 0x000000e087d00000,0x000000e087e00000] [id=40264]
  0x00000279b3654c40 ConcurrentGCThread "G1 Refine#1" [stack: 0x000000e089900000,0x000000e089a00000] [id=42144]
  0x0000027999dad270 ConcurrentGCThread "G1 Service" [stack: 0x000000e087e00000,0x000000e087f00000] [id=40792]

Threads with active compile tasks:
C2 CompilerThread0  75406493 2242   !   4       jdk.internal.loader.BuiltinClassLoader::findResource (154 bytes)

VM state: not at safepoint (normal execution)

VM Mutex/Monitor currently owned by a thread: None

Heap address: 0x00000000a1000000, size: 1520 MB, Compressed Oops mode: 32-bit

CDS archive(s) not mapped
Compressed class space mapped at: 0x0000000100000000-0x0000000140000000, reserved size: 1073741824
Narrow klass base: 0x0000000000000000, Narrow klass shift: 3, Narrow klass range: 0x140000000

GC Precious Log:
 CPUs: 4 total, 4 available
 Memory: 6078M
 Large Page Support: Disabled
 NUMA Support: Disabled
 Compressed Oops: Enabled (32-bit)
 Heap Region Size: 1M
 Heap Min Capacity: 8M
 Heap Initial Capacity: 96M
 Heap Max Capacity: 1520M
 Pre-touch: Disabled
 Parallel Workers: 4
 Concurrent Workers: 1
 Concurrent Refinement Workers: 4
 Periodic GC: Disabled

Heap:
 garbage-first heap   total 20480K, used 11698K [0x00000000a1000000, 0x0000000100000000)
  region size 1024K, 10 young (10240K), 2 survivors (2048K)
 Metaspace       used 26029K, committed 26240K, reserved 1073152K
  class space    used 2739K, committed 2880K, reserved 1048576K

Heap Regions: E=young(eden), S=young(survivor), O=old, HS=humongous(starts), HC=humongous(continues), CS=collection set, F=free, OA=open archive, CA=closed archive, TAMS=top-at-mark-start (previous, next)
|   0|0x00000000a1000000, 0x00000000a1100000, 0x00000000a1100000|100%| O|  |TAMS 0x00000000a10f3600, 0x00000000a1000000| Untracked 
|   1|0x00000000a1100000, 0x00000000a1200000, 0x00000000a1200000|100%| O|  |TAMS 0x00000000a1100000, 0x00000000a1100000| Untracked 
|   2|0x00000000a1200000, 0x00000000a12eac00, 0x00000000a1300000| 91%| O|  |TAMS 0x00000000a1200000, 0x00000000a1200000| Untracked 
|   3|0x00000000a1300000, 0x00000000a1300000, 0x00000000a1400000|  0%| F|  |TAMS 0x00000000a1300000, 0x00000000a1300000| Untracked 
|   4|0x00000000a1400000, 0x00000000a1400000, 0x00000000a1500000|  0%| F|  |TAMS 0x00000000a1400000, 0x00000000a1400000| Untracked 
|   5|0x00000000a1500000, 0x00000000a1500000, 0x00000000a1600000|  0%| F|  |TAMS 0x00000000a1500000, 0x00000000a1500000| Untracked 
|   6|0x00000000a1600000, 0x00000000a1600000, 0x00000000a1700000|  0%| F|  |TAMS 0x00000000a1600000, 0x00000000a1600000| Untracked 
|   7|0x00000000a1700000, 0x00000000a1700000, 0x00000000a1800000|  0%| F|  |TAMS 0x00000000a1700000, 0x00000000a1700000| Untracked 
|   8|0x00000000a1800000, 0x00000000a1800000, 0x00000000a1900000|  0%| F|  |TAMS 0x00000000a1800000, 0x00000000a1800000| Untracked 
|   9|0x00000000a1900000, 0x00000000a1900000, 0x00000000a1a00000|  0%| F|  |TAMS 0x00000000a1900000, 0x00000000a1900000| Untracked 
|  10|0x00000000a1a00000, 0x00000000a1af6670, 0x00000000a1b00000| 96%| E|  |TAMS 0x00000000a1a00000, 0x00000000a1a00000| Complete 
|  11|0x00000000a1b00000, 0x00000000a1c00000, 0x00000000a1c00000|100%| E|CS|TAMS 0x00000000a1b00000, 0x00000000a1b00000| Complete 
|  12|0x00000000a1c00000, 0x00000000a1d00000, 0x00000000a1d00000|100%| E|CS|TAMS 0x00000000a1c00000, 0x00000000a1c00000| Complete 
|  13|0x00000000a1d00000, 0x00000000a1e00000, 0x00000000a1e00000|100%| E|CS|TAMS 0x00000000a1d00000, 0x00000000a1d00000| Complete 
|  14|0x00000000a1e00000, 0x00000000a1f00000, 0x00000000a1f00000|100%| E|CS|TAMS 0x00000000a1e00000, 0x00000000a1e00000| Complete 
|  15|0x00000000a1f00000, 0x00000000a2000000, 0x00000000a2000000|100%| E|CS|TAMS 0x00000000a1f00000, 0x00000000a1f00000| Complete 
|  16|0x00000000a2000000, 0x00000000a2100000, 0x00000000a2100000|100%| E|CS|TAMS 0x00000000a2000000, 0x00000000a2000000| Complete 
|  87|0x00000000a6700000, 0x00000000a6781ff0, 0x00000000a6800000| 50%| S|CS|TAMS 0x00000000a6700000, 0x00000000a6700000| Complete 
|  88|0x00000000a6800000, 0x00000000a6900000, 0x00000000a6900000|100%| S|CS|TAMS 0x00000000a6800000, 0x00000000a6800000| Complete 
|  95|0x00000000a6f00000, 0x00000000a7000000, 0x00000000a7000000|100%| E|CS|TAMS 0x00000000a6f00000, 0x00000000a6f00000| Complete 

Card table byte_map: [0x00000279ac6c0000,0x00000279ac9c0000] _byte_map_base: 0x00000279ac1b8000

Marking Bits (Prev, Next): (CMBitMap*) 0x0000027999d33f50, (CMBitMap*) 0x0000027999d33f10
 Prev Bits: [0x00000279ae480000, 0x00000279afc40000)
 Next Bits: [0x00000279accc0000, 0x00000279ae480000)

Polling page: 0x0000027997ca0000

Metaspace:

Usage:
  Non-class:     22.74 MB used.
      Class:      2.67 MB used.
       Both:     25.42 MB used.

Virtual space:
  Non-class space:       24.00 MB reserved,      22.81 MB ( 95%) committed,  3 nodes.
      Class space:        1.00 GB reserved,       2.81 MB ( <1%) committed,  1 nodes.
             Both:        1.02 GB reserved,      25.62 MB (  2%) committed. 

Chunk freelists:
   Non-Class:  644.00 KB
       Class:  1.18 MB
        Both:  1.81 MB

MaxMetaspaceSize: unlimited
CompressedClassSpaceSize: 1.00 GB
Initial GC threshold: 21.00 MB
Current GC threshold: 35.12 MB
CDS: off
MetaspaceReclaimPolicy: balanced
 - commit_granule_bytes: 65536.
 - commit_granule_words: 8192.
 - virtual_space_node_default_size: 1048576.
 - enlarge_chunks_in_place: 1.
 - new_chunks_are_fully_committed: 0.
 - uncommit_free_chunks: 1.
 - use_allocation_guard: 0.
 - handle_deallocations: 1.


Internal statistics:

num_allocs_failed_limit: 3.
num_arena_births: 160.
num_arena_deaths: 0.
num_vsnodes_births: 4.
num_vsnodes_deaths: 0.
num_space_committed: 410.
num_space_uncommitted: 0.
num_chunks_returned_to_freelist: 3.
num_chunks_taken_from_freelist: 405.
num_chunk_merges: 0.
num_chunk_splits: 228.
num_chunks_enlarged: 127.
num_purges: 0.
num_inconsistent_stats: 0.

CodeHeap 'non-profiled nmethods': size=120000Kb used=700Kb max_used=700Kb free=119299Kb
 bounds [0x00000279a4e90000, 0x00000279a5100000, 0x00000279ac3c0000]
CodeHeap 'profiled nmethods': size=120000Kb used=4279Kb max_used=4279Kb free=115720Kb
 bounds [0x000002799d960000, 0x000002799dd90000, 0x00000279a4e90000]
CodeHeap 'non-nmethods': size=5760Kb used=1357Kb max_used=1374Kb free=4403Kb
 bounds [0x000002799d3c0000, 0x000002799d630000, 0x000002799d960000]
 total_blobs=2943 nmethods=2241 adapters=614
 compilation: enabled
              stopped_count=0, restarted_count=0
 full_count=0

Compilation events (20 events):
Event: 2888.887 Thread 0x00000279b21516c0 nmethod 2232 0x000002799dd8a810 code [0x000002799dd8a9c0, 0x000002799dd8ac38]
Event: 2933.981 Thread 0x00000279b21516c0 2233   !   3       com.mysql.cj.jdbc.AbandonedConnectionCleanupThread::checkThreadContextClassLoader (20 bytes)
Event: 2933.983 Thread 0x00000279b21516c0 nmethod 2233 0x000002799dd8ad10 code [0x000002799dd8afa0, 0x000002799dd8be98]
Event: 2938.996 Thread 0x00000279b21516c0 2234   !   3       jdk.internal.loader.URLClassPath::check (125 bytes)
Event: 2938.997 Thread 0x00000279b21516c0 nmethod 2234 0x000002799dd8c490 code [0x000002799dd8c740, 0x000002799dd8d6c8]
Event: 68808.407 Thread 0x00000279b21516c0 2235       3       java.lang.Boolean::valueOf (14 bytes)
Event: 68808.408 Thread 0x00000279b21516c0 nmethod 2235 0x000002799dd8db10 code [0x000002799dd8dca0, 0x000002799dd8de18]
Event: 68819.449 Thread 0x00000279b2150d10 2236       4       sun.util.logging.PlatformLogger::isLoggable (23 bytes)
Event: 68819.459 Thread 0x00000279b2150d10 nmethod 2236 0x00000279a4f3b910 code [0x00000279a4f3bae0, 0x00000279a4f3c410]
Event: 69028.845 Thread 0x00000279b2150d10 2237       4       sun.net.www.ParseUtil::firstEncodeIndex (86 bytes)
Event: 69028.854 Thread 0x00000279b2150d10 nmethod 2237 0x00000279a4f3c810 code [0x00000279a4f3c9a0, 0x00000279a4f3cb98]
Event: 69244.140 Thread 0x00000279b2150d10 2238       4       java.io.WinNTFileSystem::normalize (143 bytes)
Event: 69244.150 Thread 0x00000279b2150d10 nmethod 2238 0x00000279a4f3cd90 code [0x00000279a4f3cf40, 0x00000279a4f3d1d0]
Event: 69694.929 Thread 0x00000279b2150d10 2239       4       java.lang.String::replace (42 bytes)
Event: 69694.969 Thread 0x00000279b2150d10 nmethod 2239 0x00000279a4f3d410 code [0x00000279a4f3d5a0, 0x00000279a4f3db58]
Event: 75365.970 Thread 0x00000279b2150d10 2240       4       jdk.internal.module.Resources::toPackageName (39 bytes)
Event: 75365.981 Thread 0x00000279b2150d10 nmethod 2240 0x00000279a4f3de90 code [0x00000279a4f3e020, 0x00000279a4f3e1f8]
Event: 75391.023 Thread 0x00000279b2150d10 2241   !   4       jdk.internal.loader.BuiltinClassLoader::findMiscResource (122 bytes)
Event: 75391.064 Thread 0x00000279b2150d10 nmethod 2241 0x00000279a4f3e390 code [0x00000279a4f3e540, 0x00000279a4f3ed18]
Event: 75406.054 Thread 0x00000279b2150d10 2242   !   4       jdk.internal.loader.BuiltinClassLoader::findResource (154 bytes)

GC Heap History (4 events):
Event: 31.812 GC heap before
{Heap before GC invocations=0 (full 0):
 garbage-first heap   total 98304K, used 12288K [0x00000000a1000000, 0x0000000100000000)
  region size 1024K, 13 young (13312K), 0 survivors (0K)
 Metaspace       used 18265K, committed 18496K, reserved 1073152K
  class space    used 1817K, committed 1920K, reserved 1048576K
}
Event: 31.820 GC heap after
{Heap after GC invocations=1 (full 0):
 garbage-first heap   total 98304K, used 3021K [0x00000000a1000000, 0x0000000100000000)
  region size 1024K, 2 young (2048K), 2 survivors (2048K)
 Metaspace       used 18265K, committed 18496K, reserved 1073152K
  class space    used 1817K, committed 1920K, reserved 1048576K
}
Event: 32.106 GC heap before
{Heap before GC invocations=1 (full 0):
 garbage-first heap   total 98304K, used 9165K [0x00000000a1000000, 0x0000000100000000)
  region size 1024K, 9 young (9216K), 2 survivors (2048K)
 Metaspace       used 21291K, committed 21504K, reserved 1073152K
  class space    used 2162K, committed 2304K, reserved 1048576K
}
Event: 32.114 GC heap after
{Heap after GC invocations=2 (full 0):
 garbage-first heap   total 98304K, used 4530K [0x00000000a1000000, 0x0000000100000000)
  region size 1024K, 2 young (2048K), 2 survivors (2048K)
 Metaspace       used 21291K, committed 21504K, reserved 1073152K
  class space    used 2162K, committed 2304K, reserved 1048576K
}

Deoptimization events (20 events):
Event: 32.381 Thread 0x00000279b316a7b0 Uncommon trap: trap_request=0xffffffc6 fr.pc=0x00000279a4f23fc0 relative=0x0000000000000ca0
Event: 32.381 Thread 0x00000279b316a7b0 Uncommon trap: reason=bimorphic_or_optimized_type_check action=maybe_recompile pc=0x00000279a4f23fc0 method=java.util.regex.Pattern$Branch.match(Ljava/util/regex/Matcher;ILjava/lang/CharSequence;)Z @ 50 c2
Event: 32.381 Thread 0x00000279b316a7b0 DEOPT PACKING pc=0x00000279a4f23fc0 sp=0x000000e088ffcb30
Event: 32.381 Thread 0x00000279b316a7b0 DEOPT UNPACKING pc=0x000002799d4123a3 sp=0x000000e088ffcb50 mode 2
Event: 32.381 Thread 0x00000279b316a7b0 Uncommon trap: trap_request=0xffffffc6 fr.pc=0x00000279a4f23fc0 relative=0x0000000000000ca0
Event: 32.381 Thread 0x00000279b316a7b0 Uncommon trap: reason=bimorphic_or_optimized_type_check action=maybe_recompile pc=0x00000279a4f23fc0 method=java.util.regex.Pattern$Branch.match(Ljava/util/regex/Matcher;ILjava/lang/CharSequence;)Z @ 50 c2
Event: 32.381 Thread 0x00000279b316a7b0 DEOPT PACKING pc=0x00000279a4f23fc0 sp=0x000000e088ffcaa0
Event: 32.381 Thread 0x00000279b316a7b0 DEOPT UNPACKING pc=0x000002799d4123a3 sp=0x000000e088ffcac0 mode 2
Event: 32.406 Thread 0x00000279b316a7b0 Uncommon trap: trap_request=0xffffffde fr.pc=0x00000279a4f0fbdc relative=0x000000000000093c
Event: 32.406 Thread 0x00000279b316a7b0 Uncommon trap: reason=class_check action=maybe_recompile pc=0x00000279a4f0fbdc method=java.util.HashMap.putVal(ILjava/lang/Object;Ljava/lang/Object;ZZ)Ljava/lang/Object; @ 253 c2
Event: 32.406 Thread 0x00000279b316a7b0 DEOPT PACKING pc=0x00000279a4f0fbdc sp=0x000000e088ffd560
Event: 32.406 Thread 0x00000279b316a7b0 DEOPT UNPACKING pc=0x000002799d4123a3 sp=0x000000e088ffd500 mode 2
Event: 32.407 Thread 0x00000279b316a7b0 Uncommon trap: trap_request=0xffffffde fr.pc=0x00000279a4f0fbdc relative=0x000000000000093c
Event: 32.407 Thread 0x00000279b316a7b0 Uncommon trap: reason=class_check action=maybe_recompile pc=0x00000279a4f0fbdc method=java.util.HashMap.putVal(ILjava/lang/Object;Ljava/lang/Object;ZZ)Ljava/lang/Object; @ 253 c2
Event: 32.407 Thread 0x00000279b316a7b0 DEOPT PACKING pc=0x00000279a4f0fbdc sp=0x000000e088ffd560
Event: 32.407 Thread 0x00000279b316a7b0 DEOPT UNPACKING pc=0x000002799d4123a3 sp=0x000000e088ffd500 mode 2
Event: 32.418 Thread 0x00000279b316a7b0 Uncommon trap: trap_request=0xffffff45 fr.pc=0x00000279a4f2b928 relative=0x0000000000000b48
Event: 32.418 Thread 0x00000279b316a7b0 Uncommon trap: reason=unstable_if action=reinterpret pc=0x00000279a4f2b928 method=java.lang.Integer.compare(II)I @ 2 c2
Event: 32.418 Thread 0x00000279b316a7b0 DEOPT PACKING pc=0x00000279a4f2b928 sp=0x000000e088ffdac0
Event: 32.418 Thread 0x00000279b316a7b0 DEOPT UNPACKING pc=0x000002799d4123a3 sp=0x000000e088ffd928 mode 2

Classes unloaded (0 events):
No events

Classes redefined (0 events):
No events

Internal exceptions (20 events):
Event: 0.613 Thread 0x0000027999cfd0b0 Exception <a 'java/lang/NoSuchMethodError'{0x00000000a6dfd8b0}: 'java.lang.Object java.lang.invoke.DirectMethodHandle$Holder.newInvokeSpecial(java.lang.Object, java.lang.Object, java.lang.Object, java.lang.Object, java.lang.Object)'> (0x00000000a6dfd8b0) 
thrown [e:\jenkins\tmp\workspace\build\src\src\hotspot\share\interpreter\linkResolver.cpp, line 766]
Event: 0.615 Thread 0x0000027999cfd0b0 Exception <a 'java/lang/NoSuchMethodError'{0x00000000a6c09720}: 'java.lang.Object java.lang.invoke.DirectMethodHandle$Holder.invokeStatic(java.lang.Object, int, java.lang.Object, java.lang.Object, java.lang.Object, java.lang.Object)'> (0x00000000a6c09720) 
thrown [e:\jenkins\tmp\workspace\build\src\src\hotspot\share\interpreter\linkResolver.cpp, line 766]
Event: 0.620 Thread 0x0000027999cfd0b0 Exception <a 'java/lang/NoSuchMethodError'{0x00000000a6c2eee0}: 'java.lang.Object java.lang.invoke.DirectMethodHandle$Holder.invokeStatic(java.lang.Object, int, java.lang.Object)'> (0x00000000a6c2eee0) 
thrown [e:\jenkins\tmp\workspace\build\src\src\hotspot\share\interpreter\linkResolver.cpp, line 766]
Event: 0.653 Thread 0x0000027999cfd0b0 Exception <a 'java/lang/ClassNotFoundException'{0x00000000a6ce7e98}: com/sun/swing/internal/plaf/metal/resources/spi/metalProvider> (0x00000000a6ce7e98) 
thrown [e:\jenkins\tmp\workspace\build\src\src\hotspot\share\classfile\systemDictionary.cpp, line 256]
Event: 0.654 Thread 0x0000027999cfd0b0 Exception <a 'java/lang/ClassNotFoundException'{0x00000000a6cebd70}: com/sun/swing/internal/plaf/basic/resources/spi/basicProvider> (0x00000000a6cebd70) 
thrown [e:\jenkins\tmp\workspace\build\src\src\hotspot\share\classfile\systemDictionary.cpp, line 256]
Event: 0.713 Thread 0x00000279b2ffe5e0 Exception <a 'java/lang/NoSuchMethodError'{0x00000000a6d95118}: 'void java.lang.invoke.DirectMethodHandle$Holder.invokeVirtual(java.lang.Object, java.lang.Object)'> (0x00000000a6d95118) 
thrown [e:\jenkins\tmp\workspace\build\src\src\hotspot\share\interpreter\linkResolver.cpp, line 766]
Event: 0.733 Thread 0x0000027999cfd0b0 Exception <a 'java/lang/NoSuchMethodError'{0x00000000a6b97130}: 'void java.lang.invoke.DirectMethodHandle$Holder.invokeStaticInit(java.lang.Object)'> (0x00000000a6b97130) 
thrown [e:\jenkins\tmp\workspace\build\src\src\hotspot\share\interpreter\linkResolver.cpp, line 766]
Event: 31.620 Thread 0x00000279b316a7b0 Exception <a 'java/lang/NoSuchMethodError'{0x00000000a67d7fb0}: 'java.lang.Object java.lang.invoke.DirectMethodHandle$Holder.invokeInterface(java.lang.Object, java.lang.Object)'> (0x00000000a67d7fb0) 
thrown [e:\jenkins\tmp\workspace\build\src\src\hotspot\share\interpreter\linkResolver.cpp, line 766]
Event: 31.663 Thread 0x00000279b316a7b0 Exception <a 'java/lang/NoSuchMethodError'{0x00000000a6658390}: 'void java.lang.invoke.DirectMethodHandle$Holder.invokeStatic(java.lang.Object, java.lang.Object, java.lang.Object)'> (0x00000000a6658390) 
thrown [e:\jenkins\tmp\workspace\build\src\src\hotspot\share\interpreter\linkResolver.cpp, line 766]
Event: 31.666 Thread 0x00000279b316a7b0 Exception <a 'java/lang/NoSuchMethodError'{0x00000000a66628c8}: 'java.lang.Object java.lang.invoke.DirectMethodHandle$Holder.invokeVirtual(java.lang.Object, java.lang.Object, java.lang.Object)'> (0x00000000a66628c8) 
thrown [e:\jenkins\tmp\workspace\build\src\src\hotspot\share\interpreter\linkResolver.cpp, line 766]
Event: 31.805 Thread 0x00000279b316a7b0 Exception <a 'java/lang/NoSuchMethodError'{0x00000000a63c45e8}: 'void java.lang.invoke.DirectMethodHandle$Holder.invokeStatic(java.lang.Object, java.lang.Object)'> (0x00000000a63c45e8) 
thrown [e:\jenkins\tmp\workspace\build\src\src\hotspot\share\interpreter\linkResolver.cpp, line 766]
Event: 31.950 Thread 0x00000279b316a7b0 Exception <a 'java/lang/NoSuchMethodError'{0x00000000a6c02740}: 'void java.lang.invoke.DirectMethodHandle$Holder.invokeStaticInit(java.lang.Object, java.lang.Object)'> (0x00000000a6c02740) 
thrown [e:\jenkins\tmp\workspace\build\src\src\hotspot\share\interpreter\linkResolver.cpp, line 766]
Event: 32.023 Thread 0x00000279b316a7b0 Exception <a 'sun/nio/fs/WindowsException'{0x00000000a6b97920}> (0x00000000a6b97920) 
thrown [e:\jenkins\tmp\workspace\build\src\src\hotspot\share\prims\jni.cpp, line 516]
Event: 32.041 Thread 0x00000279b316a7b0 Exception <a 'java/lang/NoSuchMethodError'{0x00000000a6bbccc0}: 'int java.lang.invoke.DirectMethodHandle$Holder.invokeStaticInit(java.lang.Object, java.lang.Object, java.lang.Object, java.lang.Object)'> (0x00000000a6bbccc0) 
thrown [e:\jenkins\tmp\workspace\build\src\src\hotspot\share\interpreter\linkResolver.cpp, line 766]
Event: 32.043 Thread 0x00000279b316a7b0 Exception <a 'java/lang/IncompatibleClassChangeError'{0x00000000a6bc6330}: Found class java.lang.Object, but interface was expected> (0x00000000a6bc6330) 
thrown [e:\jenkins\tmp\workspace\build\src\src\hotspot\share\interpreter\linkResolver.cpp, line 833]
Event: 32.044 Thread 0x00000279b316a7b0 Exception <a 'java/lang/NoSuchMethodError'{0x00000000a6bcc268}: 'int java.lang.invoke.DirectMethodHandle$Holder.invokeStaticInit(java.lang.Object, java.lang.Object)'> (0x00000000a6bcc268) 
thrown [e:\jenkins\tmp\workspace\build\src\src\hotspot\share\interpreter\linkResolver.cpp, line 766]
Event: 32.104 Thread 0x00000279b316a7b0 Exception <a 'java/lang/NoSuchMethodError'{0x00000000a6940fc0}: 'java.lang.Object java.lang.invoke.DirectMethodHandle$Holder.invokeStaticInit(java.lang.Object, int, int, int, int)'> (0x00000000a6940fc0) 
thrown [e:\jenkins\tmp\workspace\build\src\src\hotspot\share\interpreter\linkResolver.cpp, line 766]
Event: 32.173 Thread 0x00000279b316a7b0 Exception <a 'java/lang/NoSuchMethodError'{0x00000000a6f60b70}: 'java.lang.Object java.lang.invoke.DirectMethodHandle$Holder.invokeStaticInit(java.lang.Object, java.lang.Object, int, int, int, int)'> (0x00000000a6f60b70) 
thrown [e:\jenkins\tmp\workspace\build\src\src\hotspot\share\interpreter\linkResolver.cpp, line 766]
Event: 32.676 Thread 0x00000279b58b1a10 Exception <a 'java/lang/NoSuchMethodError'{0x00000000a1cc9980}: 'java.lang.Object java.lang.invoke.DirectMethodHandle$Holder.newInvokeSpecial(java.lang.Object, java.lang.Object, java.lang.Object, int, int, int, int, int)'> (0x00000000a1cc9980) 
thrown [e:\jenkins\tmp\workspace\build\src\src\hotspot\share\interpreter\linkResolver.cpp, line 766]
Event: 32.812 Thread 0x00000279b316a7b0 Exception <a 'java/lang/NoSuchMethodError'{0x00000000a1c92670}: 'int java.lang.invoke.DirectMethodHandle$Holder.invokeStatic(java.lang.Object)'> (0x00000000a1c92670) 
thrown [e:\jenkins\tmp\workspace\build\src\src\hotspot\share\interpreter\linkResolver.cpp, line 766]

VM Operations (20 events):
Event: 32.124 Executing VM operation: G1Concurrent
Event: 32.127 Executing VM operation: G1Concurrent done
Event: 32.659 Executing VM operation: HandshakeAllThreads
Event: 32.659 Executing VM operation: HandshakeAllThreads done
Event: 32.699 Executing VM operation: HandshakeAllThreads
Event: 32.699 Executing VM operation: HandshakeAllThreads done
Event: 33.704 Executing VM operation: Cleanup
Event: 33.704 Executing VM operation: Cleanup done
Event: 34.717 Executing VM operation: Cleanup
Event: 34.717 Executing VM operation: Cleanup done
Event: 37.747 Executing VM operation: Cleanup
Event: 37.747 Executing VM operation: Cleanup done
Event: 652.990 Executing VM operation: Cleanup
Event: 652.990 Executing VM operation: Cleanup done
Event: 1079.120 Executing VM operation: Cleanup
Event: 1079.120 Executing VM operation: Cleanup done
Event: 2856.853 Executing VM operation: Cleanup
Event: 2856.853 Executing VM operation: Cleanup done
Event: 2894.147 Executing VM operation: Cleanup
Event: 2894.147 Executing VM operation: Cleanup done

Events (20 events):
Event: 32.816 loading class java/awt/WaitDispatchSupport$5 done
Event: 32.817 loading class java/awt/WaitDispatchSupport$1
Event: 32.817 loading class java/awt/WaitDispatchSupport$1 done
Event: 32.817 loading class java/awt/WaitDispatchSupport$2
Event: 32.817 loading class java/awt/WaitDispatchSupport$2 done
Event: 32.817 loading class java/awt/WaitDispatchSupport$4
Event: 32.818 loading class java/awt/WaitDispatchSupport$4 done
Event: 32.821 loading class sun/awt/image/BufImgSurfaceManager
Event: 32.821 loading class sun/awt/image/BufImgSurfaceManager done
Event: 34.553 loading class java/awt/KeyboardFocusManager$2
Event: 34.553 loading class java/awt/KeyboardFocusManager$2 done
Event: 34.553 loading class sun/awt/SunToolkit$1
Event: 34.554 loading class sun/awt/SunToolkit$1 done
Event: 34.565 loading class java/awt/Window$1DisposeAction
Event: 34.565 loading class java/awt/Window$1DisposeAction done
Event: 37.685 Thread 0x00000279b58b1a10 Thread exited: 0x00000279b58b1a10
Event: 1201.427 loading class java/awt/desktop/SystemSleepListener
Event: 1201.427 loading class java/awt/desktop/SystemEventListener
Event: 1201.427 loading class java/awt/desktop/SystemEventListener done
Event: 1201.427 loading class java/awt/desktop/SystemSleepListener done


Dynamic libraries:
0x00007ff79af20000 - 0x00007ff79af2e000 	C:\Users\user\Desktop\eclipse-jee-2022-03-R-win32-x86_64\eclipse\plugins\org.eclipse.justj.openjdk.hotspot.jre.full.win32.x86_64_17.0.2.v20220201-1208\jre\bin\javaw.exe
0x00007ffa6cad0000 - 0x00007ffa6ccc4000 	C:\Windows\SYSTEM32\ntdll.dll
0x00007ffa6b500000 - 0x00007ffa6b5bd000 	C:\Windows\System32\KERNEL32.DLL
0x00007ffa6a550000 - 0x00007ffa6a817000 	C:\Windows\System32\KERNELBASE.dll
0x00007ffa6a340000 - 0x00007ffa6a440000 	C:\Windows\System32\ucrtbase.dll
0x00007ffa31f50000 - 0x00007ffa31f68000 	C:\Users\user\Desktop\eclipse-jee-2022-03-R-win32-x86_64\eclipse\plugins\org.eclipse.justj.openjdk.hotspot.jre.full.win32.x86_64_17.0.2.v20220201-1208\jre\bin\jli.dll
0x00007ffa31f30000 - 0x00007ffa31f49000 	C:\Users\user\Desktop\eclipse-jee-2022-03-R-win32-x86_64\eclipse\plugins\org.eclipse.justj.openjdk.hotspot.jre.full.win32.x86_64_17.0.2.v20220201-1208\jre\bin\VCRUNTIME140.dll
0x00007ffa6b7f0000 - 0x00007ffa6b990000 	C:\Windows\System32\USER32.dll
0x00007ffa5ccf0000 - 0x00007ffa5cf8a000 	C:\Windows\WinSxS\amd64_microsoft.windows.common-controls_6595b64144ccf1df_6.0.19041.1_none_b555e41d4684ddec\COMCTL32.dll
0x00007ffa6a880000 - 0x00007ffa6a8a2000 	C:\Windows\System32\win32u.dll
0x00007ffa6ab40000 - 0x00007ffa6abde000 	C:\Windows\System32\msvcrt.dll
0x00007ffa6b7c0000 - 0x00007ffa6b7ea000 	C:\Windows\System32\GDI32.dll
0x00007ffa6a440000 - 0x00007ffa6a549000 	C:\Windows\System32\gdi32full.dll
0x00007ffa6a220000 - 0x00007ffa6a2bd000 	C:\Windows\System32\msvcp_win.dll
0x00007ffa6c380000 - 0x00007ffa6c3b0000 	C:\Windows\System32\IMM32.DLL
0x00007ffa40090000 - 0x00007ffa4009c000 	C:\Users\user\Desktop\eclipse-jee-2022-03-R-win32-x86_64\eclipse\plugins\org.eclipse.justj.openjdk.hotspot.jre.full.win32.x86_64_17.0.2.v20220201-1208\jre\bin\vcruntime140_1.dll
0x00007ffa31e90000 - 0x00007ffa31f21000 	C:\Users\user\Desktop\eclipse-jee-2022-03-R-win32-x86_64\eclipse\plugins\org.eclipse.justj.openjdk.hotspot.jre.full.win32.x86_64_17.0.2.v20220201-1208\jre\bin\msvcp140.dll
0x00007ffa3dd50000 - 0x00007ffa3e997000 	C:\Users\user\Desktop\eclipse-jee-2022-03-R-win32-x86_64\eclipse\plugins\org.eclipse.justj.openjdk.hotspot.jre.full.win32.x86_64_17.0.2.v20220201-1208\jre\bin\server\jvm.dll
0x00007ffa6b1c0000 - 0x00007ffa6b26a000 	C:\Windows\System32\ADVAPI32.dll
0x00007ffa6ac90000 - 0x00007ffa6ad2b000 	C:\Windows\System32\sechost.dll
0x00007ffa6b5c0000 - 0x00007ffa6b6e3000 	C:\Windows\System32\RPCRT4.dll
0x00007ffa6c710000 - 0x00007ffa6c718000 	C:\Windows\System32\PSAPI.DLL
0x00007ffa65970000 - 0x00007ffa65979000 	C:\Windows\SYSTEM32\WSOCK32.dll
0x00007ffa5e500000 - 0x00007ffa5e527000 	C:\Windows\SYSTEM32\WINMM.dll
0x00007ffa6c880000 - 0x00007ffa6c8eb000 	C:\Windows\System32\WS2_32.dll
0x00007ffa65480000 - 0x00007ffa6548a000 	C:\Windows\SYSTEM32\VERSION.dll
0x00007ffa68da0000 - 0x00007ffa68db3000 	C:\Windows\SYSTEM32\kernel.appcore.dll
0x00007ffa5bbd0000 - 0x00007ffa5bbda000 	C:\Users\user\Desktop\eclipse-jee-2022-03-R-win32-x86_64\eclipse\plugins\org.eclipse.justj.openjdk.hotspot.jre.full.win32.x86_64_17.0.2.v20220201-1208\jre\bin\jimage.dll
0x00007ffa687c0000 - 0x00007ffa689a4000 	C:\Windows\SYSTEM32\DBGHELP.DLL
0x00007ffa56fb0000 - 0x00007ffa56fdc000 	C:\Windows\SYSTEM32\dbgcore.DLL
0x00007ffa6a2c0000 - 0x00007ffa6a33f000 	C:\Windows\System32\bcryptPrimitives.dll
0x00007ffa5b7a0000 - 0x00007ffa5b7c5000 	C:\Users\user\Desktop\eclipse-jee-2022-03-R-win32-x86_64\eclipse\plugins\org.eclipse.justj.openjdk.hotspot.jre.full.win32.x86_64_17.0.2.v20220201-1208\jre\bin\java.dll
0x00007ffa5bb10000 - 0x00007ffa5bb28000 	C:\Users\user\Desktop\eclipse-jee-2022-03-R-win32-x86_64\eclipse\plugins\org.eclipse.justj.openjdk.hotspot.jre.full.win32.x86_64_17.0.2.v20220201-1208\jre\bin\zip.dll
0x00007ffa6bc40000 - 0x00007ffa6c371000 	C:\Windows\System32\SHELL32.dll
0x00007ffa67f10000 - 0x00007ffa6869a000 	C:\Windows\SYSTEM32\windows.storage.dll
0x00007ffa6c3b0000 - 0x00007ffa6c704000 	C:\Windows\System32\combase.dll
0x00007ffa69bd0000 - 0x00007ffa69bfb000 	C:\Windows\SYSTEM32\Wldp.dll
0x00007ffa6b700000 - 0x00007ffa6b7ae000 	C:\Windows\System32\SHCORE.dll
0x00007ffa6bb80000 - 0x00007ffa6bbd5000 	C:\Windows\System32\shlwapi.dll
0x00007ffa6a160000 - 0x00007ffa6a17f000 	C:\Windows\SYSTEM32\profapi.dll
0x00007ffa5b780000 - 0x00007ffa5b799000 	C:\Users\user\Desktop\eclipse-jee-2022-03-R-win32-x86_64\eclipse\plugins\org.eclipse.justj.openjdk.hotspot.jre.full.win32.x86_64_17.0.2.v20220201-1208\jre\bin\net.dll
0x00007ffa5c0c0000 - 0x00007ffa5c1c0000 	C:\Windows\SYSTEM32\WINHTTP.dll
0x00007ffa69950000 - 0x00007ffa699ba000 	C:\Windows\system32\mswsock.dll
0x00007ffa5b760000 - 0x00007ffa5b775000 	C:\Users\user\Desktop\eclipse-jee-2022-03-R-win32-x86_64\eclipse\plugins\org.eclipse.justj.openjdk.hotspot.jre.full.win32.x86_64_17.0.2.v20220201-1208\jre\bin\nio.dll
0x00007ffa2fbc0000 - 0x00007ffa2fd4e000 	C:\Users\user\Desktop\eclipse-jee-2022-03-R-win32-x86_64\eclipse\plugins\org.eclipse.justj.openjdk.hotspot.jre.full.win32.x86_64_17.0.2.v20220201-1208\jre\bin\awt.dll
0x00007ffa6c720000 - 0x00007ffa6c7ed000 	C:\Windows\System32\OLEAUT32.dll
0x00007ffa676a0000 - 0x00007ffa67730000 	C:\Windows\SYSTEM32\apphelp.dll
0x00007ffa67950000 - 0x00007ffa6797e000 	C:\Windows\system32\DWMAPI.DLL
0x00007ffa67850000 - 0x00007ffa678ef000 	C:\Windows\system32\uxtheme.dll
0x00007ffa650a0000 - 0x00007ffa651fc000 	C:\Windows\system32\opengl32.dll
0x00007ffa65cd0000 - 0x00007ffa65cfc000 	C:\Windows\SYSTEM32\GLU32.dll
0x00007ffa6c970000 - 0x00007ffa6ca85000 	C:\Windows\System32\MSCTF.dll
0x00007ffa062f0000 - 0x00007ffa06e36000 	C:\Windows\SYSTEM32\ig75icd64.dll
0x00007ffa5f640000 - 0x00007ffa60080000 	C:\Windows\SYSTEM32\igdusc64.dll
0x00007ffa65b20000 - 0x00007ffa65b34000 	C:\Windows\SYSTEM32\WTSAPI32.dll
0x00007ffa6b990000 - 0x00007ffa6bab9000 	C:\Windows\System32\ole32.dll
0x00007ffa2fb30000 - 0x00007ffa2fbb9000 	C:\Users\user\Desktop\eclipse-jee-2022-03-R-win32-x86_64\eclipse\plugins\org.eclipse.justj.openjdk.hotspot.jre.full.win32.x86_64_17.0.2.v20220201-1208\jre\bin\freetype.dll
0x00007ffa28f20000 - 0x00007ffa28fc8000 	C:\Users\user\Desktop\eclipse-jee-2022-03-R-win32-x86_64\eclipse\plugins\org.eclipse.justj.openjdk.hotspot.jre.full.win32.x86_64_17.0.2.v20220201-1208\jre\bin\fontmanager.dll
0x00007ffa64d40000 - 0x00007ffa64e3c000 	C:\Windows\SYSTEM32\textinputframework.dll
0x00007ffa67390000 - 0x00007ffa67482000 	C:\Windows\System32\CoreMessaging.dll
0x00007ffa67030000 - 0x00007ffa6738a000 	C:\Windows\System32\CoreUIComponents.dll
0x00007ffa65b70000 - 0x00007ffa65cc6000 	C:\Windows\SYSTEM32\wintypes.dll
0x00007ffa68f90000 - 0x00007ffa68fc3000 	C:\Windows\SYSTEM32\ntmarta.dll
0x00007ffa6abe0000 - 0x00007ffa6ac88000 	C:\Windows\System32\clbcatq.dll
0x00007ffa64450000 - 0x00007ffa64604000 	C:\Windows\SYSTEM32\WindowsCodecs.dll
0x00007ffa6a8b0000 - 0x00007ffa6a8d7000 	C:\Windows\System32\bcrypt.dll
0x00007ffa53b90000 - 0x00007ffa53bce000 	C:\Windows\system32\dataexchange.dll
0x00007ffa66160000 - 0x00007ffa663c3000 	C:\Windows\system32\d3d11.dll
0x00007ffa66ac0000 - 0x00007ffa66ca5000 	C:\Windows\system32\dcomp.dll
0x00007ffa68b80000 - 0x00007ffa68c73000 	C:\Windows\system32\dxgi.dll
0x00007ffa640e0000 - 0x00007ffa642e8000 	C:\Windows\system32\twinapi.appcore.dll
0x00007ffa69680000 - 0x00007ffa6974a000 	C:\Windows\SYSTEM32\DNSAPI.dll
0x00007ffa69640000 - 0x00007ffa6967b000 	C:\Windows\SYSTEM32\IPHLPAPI.DLL
0x00007ffa6b7b0000 - 0x00007ffa6b7b9000 	C:\Windows\System32\NSI.dll
0x00007ffa63670000 - 0x00007ffa6367a000 	C:\Windows\System32\rasadhlp.dll
0x00007ffa5c040000 - 0x00007ffa5c0bf000 	C:\Windows\System32\fwpuclnt.dll
0x00007ffa69b20000 - 0x00007ffa69b38000 	C:\Windows\SYSTEM32\CRYPTSP.dll
0x00007ffa692e0000 - 0x00007ffa69314000 	C:\Windows\system32\rsaenh.dll
0x00007ffa6a120000 - 0x00007ffa6a14e000 	C:\Windows\SYSTEM32\USERENV.dll
0x00007ffa69b40000 - 0x00007ffa69b4c000 	C:\Windows\SYSTEM32\CRYPTBASE.dll
0x00007ffa5f5f0000 - 0x00007ffa5f607000 	C:\Windows\SYSTEM32\dhcpcsvc6.DLL
0x00007ffa61ac0000 - 0x00007ffa61add000 	C:\Windows\SYSTEM32\dhcpcsvc.DLL
0x00007ffa55eb0000 - 0x00007ffa55ebe000 	C:\Users\user\Desktop\eclipse-jee-2022-03-R-win32-x86_64\eclipse\plugins\org.eclipse.justj.openjdk.hotspot.jre.full.win32.x86_64_17.0.2.v20220201-1208\jre\bin\sunmscapi.dll
0x00007ffa6a9e0000 - 0x00007ffa6ab3d000 	C:\Windows\System32\CRYPT32.dll
0x00007ffa69c40000 - 0x00007ffa69c67000 	C:\Windows\SYSTEM32\ncrypt.dll
0x00007ffa69c00000 - 0x00007ffa69c3b000 	C:\Windows\SYSTEM32\NTASN1.dll

dbghelp: loaded successfully - version: 4.0.5 - missing functions: none
symbol engine: initialized successfully - sym options: 0x614 - pdb path: .;C:\Users\user\Desktop\eclipse-jee-2022-03-R-win32-x86_64\eclipse\plugins\org.eclipse.justj.openjdk.hotspot.jre.full.win32.x86_64_17.0.2.v20220201-1208\jre\bin;C:\Windows\SYSTEM32;C:\Windows\WinSxS\amd64_microsoft.windows.common-controls_6595b64144ccf1df_6.0.19041.1_none_b555e41d4684ddec;C:\Users\user\Desktop\eclipse-jee-2022-03-R-win32-x86_64\eclipse\plugins\org.eclipse.justj.openjdk.hotspot.jre.full.win32.x86_64_17.0.2.v20220201-1208\jre\bin\server

VM Arguments:
jvm_args: -Dfile.encoding=Cp1252 -XX:+ShowCodeDetailsInExceptionMessages 
java_command: atm.UpdatePin
java_class_path (initial): C:\Users\user\Desktop\eclipse-jee-2022-03-R-win32-x86_64\eclipse\user\workspace\bank\bin;C:\Program Files\Java\jdk-18\bin\mysql-connector-java-8.0.29.jar
Launcher Type: SUN_STANDARD

[Global flags]
     intx CICompilerCount                          = 3                                         {product} {ergonomic}
     uint ConcGCThreads                            = 1                                         {product} {ergonomic}
     uint G1ConcRefinementThreads                  = 4                                         {product} {ergonomic}
   size_t G1HeapRegionSize                         = 1048576                                   {product} {ergonomic}
    uintx GCDrainStackTargetSize                   = 64                                        {product} {ergonomic}
   size_t InitialHeapSize                          = 100663296                                 {product} {ergonomic}
   size_t MarkStackSize                            = 4194304                                   {product} {ergonomic}
   size_t MaxHeapSize                              = 1593835520                                {product} {ergonomic}
   size_t MaxNewSize                               = 956301312                                 {product} {ergonomic}
   size_t MinHeapDeltaBytes                        = 1048576                                   {product} {ergonomic}
   size_t MinHeapSize                              = 8388608                                   {product} {ergonomic}
    uintx NonNMethodCodeHeapSize                   = 5832780                                {pd product} {ergonomic}
    uintx NonProfiledCodeHeapSize                  = 122912730                              {pd product} {ergonomic}
    uintx ProfiledCodeHeapSize                     = 122912730                              {pd product} {ergonomic}
    uintx ReservedCodeCacheSize                    = 251658240                              {pd product} {ergonomic}
     bool SegmentedCodeCache                       = true                                      {product} {ergonomic}
     bool ShowCodeDetailsInExceptionMessages       = true                                   {manageable} {command line}
   size_t SoftMaxHeapSize                          = 1593835520                             {manageable} {ergonomic}
     bool UseCompressedClassPointers               = true                           {product lp64_product} {ergonomic}
     bool UseCompressedOops                        = true                           {product lp64_product} {ergonomic}
     bool UseG1GC                                  = true                                      {product} {ergonomic}
     bool UseLargePagesIndividualAllocation        = false                                  {pd product} {ergonomic}

Logging:
Log output configuration:
 #0: stdout all=warning uptime,level,tags
 #1: stderr all=off uptime,level,tags

Environment Variables:
PATH=C:/Users/user/Desktop/eclipse-jee-2022-03-R-win32-x86_64/eclipse//plugins/org.eclipse.justj.openjdk.hotspot.jre.full.win32.x86_64_17.0.2.v20220201-1208/jre/bin/server;C:/Users/user/Desktop/eclipse-jee-2022-03-R-win32-x86_64/eclipse//plugins/org.eclipse.justj.openjdk.hotspot.jre.full.win32.x86_64_17.0.2.v20220201-1208/jre/bin;C:\Program Files\Common Files\Oracle\Java\javapath;C:\Windows\system32;C:\Windows;C:\Windows\System32\Wbem;C:\Windows\System32\WindowsPowerShell\v1.0\;C:\Windows\System32\OpenSSH\;C:\Program Files\Java\jdk-17.0.3\bin\mysql-connector-java-8.0.29.jar;C:\Program Files\MySQL\MySQL Shell 8.0\bin\;C:\Users\user\AppData\Local\Programs\Python\Python310\Scripts\;C:\Users\user\AppData\Local\Programs\Python\Python310\;C:\Users\user\AppData\Local\Microsoft\WindowsApps;;C:\Users\user\AppData\Local\Programs\Microsoft VS Code\bin;C:\Users\user\Desktop\eclipse-jee-2022-03-R-win32-x86_64\eclipse;
USERNAME=user
OS=Windows_NT
PROCESSOR_IDENTIFIER=Intel64 Family 6 Model 69 Stepping 1, GenuineIntel



---------------  S Y S T E M  ---------------

OS:
 Windows 10 , 64 bit Build 19041 (10.0.19041.207)
OS uptime: 16 days 20:31 hours

CPU: total 4 (initial active 4) (2 cores per cpu, 2 threads per core) family 6 model 69 stepping 1 microcode 0x25, cx8, cmov, fxsr, ht, mmx, sse, sse2, sse3, ssse3, sse4.1, sse4.2, popcnt, lzcnt, tsc, tscinvbit, avx, avx2, aes, erms, clmul, bmi1, bmi2, fma, vzeroupper, clflush

Memory: 4k page, system-wide physical 6078M (920M free)
TotalPageFile size 24510M (AvailPageFile size 4M)
current process WorkingSet (physical memory assigned to process): 56M, peak: 100M
current process commit charge ("private bytes"): 132M, peak: 204M

vm_info: OpenJDK 64-Bit Server VM (17.0.2+8) for windows-amd64 JRE (17.0.2+8), built on Jan 20 2022 04:52:34 by "" with MS VC++ 16.7 (VS2019)

END.
